# JRE version: OpenJDK Runtime Environment (8.0_152-b01) (build 1.8.0_152-release-915-b01)
# Java VM: OpenJDK 64-Bit Server VM (25.152-b01 mixed mode linux-amd64 compressed oops)
Heap:
 PSYoungGen      total 121856K, used 9130K [0x00000000e0000000, 0x00000000e8500000, 0x0000000100000000)
  eden space 109568K, 0% used [0x00000000e0000000,0x00000000e0000000,0x00000000e6b00000)
  from space 12288K, 74% used [0x00000000e7900000,0x00000000e81eab50,0x00000000e8500000)
  to   space 11776K, 0% used [0x00000000e6d80000,0x00000000e6d80000,0x00000000e7900000)
 ParOldGen       total 67072K, used 24637K [0x00000000a0000000, 0x00000000a4180000, 0x00000000e0000000)
  object space 67072K, 36% used [0x00000000a0000000,0x00000000a180f6c0,0x00000000a4180000)
 Metaspace       used 53058K, capacity 54648K, committed 55000K, reserved 1097728K
  class space    used 7077K, capacity 7558K, committed 7680K, reserved 1048576K
GC Heap History (10 events):
Event: 167.922 GC heap after
Heap after GC invocations=9 (full 1):
 PSYoungGen      total 72192K, used 10949K [0x00000000e0000000, 0x00000000e8f80000, 0x0000000100000000)
  eden space 60928K, 0% used [0x00000000e0000000,0x00000000e0000000,0x00000000e3b80000)
  from space 11264K, 97% used [0x00000000e8480000,0x00000000e8f316e0,0x00000000e8f80000)
  to   space 12800K, 0% used [0x00000000e7680000,0x00000000e7680000,0x00000000e8300000)
 ParOldGen       total 44032K, used 6400K [0x00000000a0000000, 0x00000000a2b00000, 0x00000000e0000000)
  object space 44032K, 14% used [0x00000000a0000000,0x00000000a0640158,0x00000000a2b00000)
 Metaspace       used 33604K, capacity 34214K, committed 34560K, reserved 1079296K
  class space    used 4561K, capacity 4811K, committed 4864K, reserved 1048576K
}
Event: 172.397 GC heap before
{Heap before GC invocations=10 (full 1):
 PSYoungGen      total 72192K, used 57066K [0x00000000e0000000, 0x00000000e8f80000, 0x0000000100000000)
  eden space 60928K, 75% used [0x00000000e0000000,0x00000000e2d09288,0x00000000e3b80000)
  from space 11264K, 97% used [0x00000000e8480000,0x00000000e8f316e0,0x00000000e8f80000)
  to   space 12800K, 0% used [0x00000000e7680000,0x00000000e7680000,0x00000000e8300000)
 ParOldGen       total 44032K, used 6400K [0x00000000a0000000, 0x00000000a2b00000, 0x00000000e0000000)
  object space 44032K, 14% used [0x00000000a0000000,0x00000000a0640158,0x00000000a2b00000)
 Metaspace       used 34641K, capacity 35284K, committed 35416K, reserved 1079296K
  class space    used 4682K, capacity 4932K, committed 4992K, reserved 1048576K
Event: 172.417 GC heap after
Heap after GC invocations=10 (full 1):
 PSYoungGen      total 67072K, used 7611K [0x00000000e0000000, 0x00000000e8500000, 0x0000000100000000)
  eden space 59392K, 0% used [0x00000000e0000000,0x00000000e0000000,0x00000000e3a00000)
  from space 7680K, 99% used [0x00000000e7680000,0x00000000e7deed80,0x00000000e7e00000)
  to   space 7168K, 0% used [0x00000000e7e00000,0x00000000e7e00000,0x00000000e8500000)
 ParOldGen       total 44032K, used 8031K [0x00000000a0000000, 0x00000000a2b00000, 0x00000000e0000000)
  object space 44032K, 18% used [0x00000000a0000000,0x00000000a07d7c20,0x00000000a2b00000)
 Metaspace       used 34641K, capacity 35284K, committed 35416K, reserved 1079296K
  class space    used 4682K, capacity 4932K, committed 4992K, reserved 1048576K
}
Event: 172.417 GC heap before
{Heap before GC invocations=11 (full 2):
 PSYoungGen      total 67072K, used 7611K [0x00000000e0000000, 0x00000000e8500000, 0x0000000100000000)
  eden space 59392K, 0% used [0x00000000e0000000,0x00000000e0000000,0x00000000e3a00000)
  from space 7680K, 99% used [0x00000000e7680000,0x00000000e7deed80,0x00000000e7e00000)
  to   space 7168K, 0% used [0x00000000e7e00000,0x00000000e7e00000,0x00000000e8500000)
 ParOldGen       total 44032K, used 8031K [0x00000000a0000000, 0x00000000a2b00000, 0x00000000e0000000)
  object space 44032K, 18% used [0x00000000a0000000,0x00000000a07d7c20,0x00000000a2b00000)
 Metaspace       used 34641K, capacity 35284K, committed 35416K, reserved 1079296K
  class space    used 4682K, capacity 4932K, committed 4992K, reserved 1048576K
Event: 172.598 GC heap after
Heap after GC invocations=11 (full 2):
 PSYoungGen      total 67072K, used 0K [0x00000000e0000000, 0x00000000e8500000, 0x0000000100000000)
  eden space 59392K, 0% used [0x00000000e0000000,0x00000000e0000000,0x00000000e3a00000)
  from space 7680K, 0% used [0x00000000e7680000,0x00000000e7680000,0x00000000e7e00000)
  to   space 7168K, 0% used [0x00000000e7e00000,0x00000000e7e00000,0x00000000e8500000)
 ParOldGen       total 67072K, used 15289K [0x00000000a0000000, 0x00000000a4180000, 0x00000000e0000000)
  object space 67072K, 22% used [0x00000000a0000000,0x00000000a0eee7d8,0x00000000a4180000)
 Metaspace       used 34584K, capacity 35160K, committed 35416K, reserved 1079296K
  class space    used 4664K, capacity 4912K, committed 4992K, reserved 1048576K
}
Event: 179.462 GC heap before
{Heap before GC invocations=12 (full 2):
 PSYoungGen      total 67072K, used 59392K [0x00000000e0000000, 0x00000000e8500000, 0x0000000100000000)
  eden space 59392K, 100% used [0x00000000e0000000,0x00000000e3a00000,0x00000000e3a00000)
  from space 7680K, 0% used [0x00000000e7680000,0x00000000e7680000,0x00000000e7e00000)
  to   space 7168K, 0% used [0x00000000e7e00000,0x00000000e7e00000,0x00000000e8500000)
 ParOldGen       total 67072K, used 15289K [0x00000000a0000000, 0x00000000a4180000, 0x00000000e0000000)
  object space 67072K, 22% used [0x00000000a0000000,0x00000000a0eee7d8,0x00000000a4180000)
 Metaspace       used 40952K, capacity 41670K, committed 42072K, reserved 1085440K
  class space    used 5461K, capacity 5748K, committed 5760K, reserved 1048576K
Event: 179.473 GC heap after
Heap after GC invocations=12 (full 2):
 PSYoungGen      total 84480K, used 6467K [0x00000000e0000000, 0x00000000e8480000, 0x0000000100000000)
  eden space 77824K, 0% used [0x00000000e0000000,0x00000000e0000000,0x00000000e4c00000)
  from space 6656K, 97% used [0x00000000e7e00000,0x00000000e8450ea8,0x00000000e8480000)
  to   space 11776K, 0% used [0x00000000e6d80000,0x00000000e6d80000,0x00000000e7900000)
 ParOldGen       total 67072K, used 15297K [0x00000000a0000000, 0x00000000a4180000, 0x00000000e0000000)
  object space 67072K, 22% used [0x00000000a0000000,0x00000000a0ef07d8,0x00000000a4180000)
 Metaspace       used 40952K, capacity 41670K, committed 42072K, reserved 1085440K
  class space    used 5461K, capacity 5748K, committed 5760K, reserved 1048576K
}
Event: 182.386 GC heap before
{Heap before GC invocations=13 (full 2):
 PSYoungGen      total 84480K, used 84291K [0x00000000e0000000, 0x00000000e8480000, 0x0000000100000000)
  eden space 77824K, 100% used [0x00000000e0000000,0x00000000e4c00000,0x00000000e4c00000)
  from space 6656K, 97% used [0x00000000e7e00000,0x00000000e8450ea8,0x00000000e8480000)
  to   space 11776K, 0% used [0x00000000e6d80000,0x00000000e6d80000,0x00000000e7900000)
 ParOldGen       total 67072K, used 15297K [0x00000000a0000000, 0x00000000a4180000, 0x00000000e0000000)
  object space 67072K, 22% used [0x00000000a0000000,0x00000000a0ef07d8,0x00000000a4180000)
 Metaspace       used 44700K, capacity 45570K, committed 46040K, reserved 1089536K
  class space    used 5933K, capacity 6287K, committed 6400K, reserved 1048576K
Event: 182.517 GC heap after
Heap after GC invocations=13 (full 2):
 PSYoungGen      total 121344K, used 11672K [0x00000000e0000000, 0x00000000e8500000, 0x0000000100000000)
  eden space 109568K, 0% used [0x00000000e0000000,0x00000000e0000000,0x00000000e6b00000)
  from space 11776K, 99% used [0x00000000e6d80000,0x00000000e78e6380,0x00000000e7900000)
  to   space 12288K, 0% used [0x00000000e7900000,0x00000000e7900000,0x00000000e8500000)
 ParOldGen       total 67072K, used 15305K [0x00000000a0000000, 0x00000000a4180000, 0x00000000e0000000)
  object space 67072K, 22% used [0x00000000a0000000,0x00000000a0ef27d8,0x00000000a4180000)
 Metaspace       used 44700K, capacity 45570K, committed 46040K, reserved 1089536K
  class space    used 5933K, capacity 6287K, committed 6400K, reserved 1048576K
}
Event: 378.040 GC heap before
{Heap before GC invocations=14 (full 2):
 PSYoungGen      total 121344K, used 121240K [0x00000000e0000000, 0x00000000e8500000, 0x0000000100000000)
  eden space 109568K, 100% used [0x00000000e0000000,0x00000000e6b00000,0x00000000e6b00000)
  from space 11776K, 99% used [0x00000000e6d80000,0x00000000e78e6380,0x00000000e7900000)
  to   space 12288K, 0% used [0x00000000e7900000,0x00000000e7900000,0x00000000e8500000)
 ParOldGen       total 67072K, used 15305K [0x00000000a0000000, 0x00000000a4180000, 0x00000000e0000000)
  object space 67072K, 22% used [0x00000000a0000000,0x00000000a0ef27d8,0x00000000a4180000)
 Metaspace       used 53058K, capacity 54648K, committed 55000K, reserved 1097728K
  class space    used 7077K, capacity 7558K, committed 7680K, reserved 1048576K

